::1 - - [06/Sep/2018:17:29:35 -0700] "GET /card/images/ HTTP/1.1" 200 - 0.0042
::1 - - [06/Sep/2018:17:32:04 -0700] "GET /card/images/ HTTP/1.1" 200 - 0.0048
::1 - - [06/Sep/2018:17:42:03 -0700] "GET /card/images/ HTTP/1.1" 200 - 0.0121
::1 - - [06/Sep/2018:17:45:41 -0700] "GET /card/images/ HTTP/1.1" 200 - 0.0050
::1 - - [06/Sep/2018:17:46:45 -0700] "GET /card/images/ HTTP/1.1" 200 - 0.0044
::1 - - [06/Sep/2018:19:48:50 -0700] "GET /card/images/ HTTP/1.1" 200 13627 0.0076
::1 - - [06/Sep/2018:19:51:43 -0700] "GET /card/images/nicubunu-Ornamental-deck-6-of-hearts.svg HTTP/1.1" 404 520 0.0023
::1 - - [06/Sep/2018:19:51:43 -0700] "GET /__sinatra__/404.png HTTP/1.1" 200 18893 0.0107
::1 - - [06/Sep/2018:20:19:22 -0700] "GET /card/images/nicubunu-Ornamental-deck-6-of-hearts.svg HTTP/1.1" 404 - 0.0086
::1 - - [06/Sep/2018:20:19:23 -0700] "GET /card/images/nicubunu-Ornamental-deck-6-of-hearts.svg HTTP/1.1" 404 - 0.0011
::1 - - [06/Sep/2018:20:19:28 -0700] "GET /card/images/nicubunu-Ornamental-deck-6-of-hearts.svg HTTP/1.1" 404 - 0.0006
::1 - - [06/Sep/2018:20:19:32 -0700] "GET /card/images/nicubunu-Ornamental-deck-6-of-hearts.svg HTTP/1.1" 404 - 0.0007
::1 - - [06/Sep/2018:20:20:02 -0700] "GET /card/images/nicubunu-Ornamental-deck-6-of-hearts.svg HTTP/1.1" 404 - 0.0010
::1 - - [06/Sep/2018:20:21:02 -0700] "GET /card/images/nicubunu-Ornamental-deck-6-of-hearts.svg HTTP/1.1" 404 - 0.0092
::1 - - [06/Sep/2018:20:22:19 -0700] "GET /__sinatra__/500.png HTTP/1.1" 200 24378 0.0284
::1 - - [06/Sep/2018:20:23:12 -0700] "GET /card/images/nicubunu-Ornamental-deck-6-of-hearts.svg HTTP/1.1" 404 - 0.0088
::1 - - [06/Sep/2018:20:23:12 -0700] "GET /card/images/nicubunu-Ornamental-deck-6-of-hearts.svg HTTP/1.1" 404 - 0.0009
::1 - - [06/Sep/2018:20:23:17 -0700] "GET /card/images/nicubunu-Ornamental-deck-6-of-hearts.svg HTTP/1.1" 404 - 0.0009
::1 - - [06/Sep/2018:20:23:25 -0700] "GET /card/images/nicubunu-Ornamental-deck-6-of-hearts.svg HTTP/1.1" 404 - 0.0009
::1 - - [06/Sep/2018:20:23:25 -0700] "GET /card/images/nicubunu-Ornamental-deck-6-of-hearts.svg HTTP/1.1" 404 - 0.0016
::1 - - [06/Sep/2018:20:23:27 -0700] "GET /card/images/nicubunu-Ornamental-deck-6-of-hearts.svg HTTP/1.1" 404 - 0.0012
::1 - - [06/Sep/2018:20:23:31 -0700] "GET /card/images/ HTTP/1.1" 404 480 0.0007
::1 - - [06/Sep/2018:20:24:46 -0700] "GET /card/images/nicubunu-Ornamental-deck-6-of-hearts.svg HTTP/1.1" 404 - 0.0085
::1 - - [06/Sep/2018:20:24:46 -0700] "GET /card/images/nicubunu-Ornamental-deck-6-of-hearts.svg HTTP/1.1" 404 - 0.0009
::1 - - [06/Sep/2018:20:24:51 -0700] "GET /card/images/nicubunu-Ornamental-deck-6-of-hearts.svg HTTP/1.1" 404 - 0.0009
::1 - - [06/Sep/2018:20:24:53 -0700] "GET /card/images/nicubunu-Ornamental-deck-6-of-hearts.svg HTTP/1.1" 404 - 0.0012
::1 - - [06/Sep/2018:20:25:23 -0700] "GET /card/images/nicubunu-Ornamental-deck-6-of-hearts.svg HTTP/1.1" 404 - 0.0008
::1 - - [06/Sep/2018:20:27:26 -0700] "GET /card/images/nicubunu-Ornamental-deck-6-of-hearts.svg HTTP/1.1" 404 - 0.0007
::1 - - [06/Sep/2018:20:27:37 -0700] "GET /card/images/nicubunu-Ornamental-deck-6-of-hearts.svg HTTP/1.1" 404 - 0.0011
::1 - - [06/Sep/2018:20:29:22 -0700] "GET /card/images/nicubunu-Ornamental-deck-6-of-hearts.svg HTTP/1.1" 200 13627 0.0094
::1 - - [06/Sep/2018:20:29:36 -0700] "GET /card/images/ HTTP/1.1" 404 480 0.0012
::1 - - [07/Sep/2018:13:20:44 -0700] "GET /card/images/KS.png HTTP/1.1" 200 179903 0.0380
::1 - - [07/Sep/2018:14:10:12 -0700] "GET /card/images/KS.png HTTP/1.1" 200 13 0.0107
::1 - - [07/Sep/2018:14:10:39 -0700] "GET /__sinatra__/500.png HTTP/1.1" 200 24378 0.0329
